<?xml version="1.0" encoding="UTF-8"?>
    <testsuites disabled="" errors="" failures="" tests="" time="" xmlns:xsi="http://www.w3.org/2001/XMLSchema-instance"
    xsi:noNamespaceSchemaLocation="junit.xsd">
    <testsuite disabled="" errors="" failures="" hostname="" id="" name="Black Duck policy status" package="" skipped=""
    tests="" time="" timestamp="">
    <properties><property name="" value=""/></properties><testcase name='Policy No High vulnerabilities in released code (CRITICAL)'><error message='Policy :No High vulnerabilities in released code- Severity = CRITICAL- Num Components in Violation = 20- Componentlist:- ajv/6.10.2, axios/0.19.0, css-what/2.1.0, dot-prop/4.2.0, ExpressCart/1.1.13, glob-parent/3.1.0, glob-parent/5.1.0, Handlebars.js/4.4.5, ini/1.3.5, kind-of/6.0.2, Lodash/4.17.15, Nodemailer/4.7.0, nth-check/1.0.1, path-parse/1.0.5, path-parse/1.0.6, sindresorhus/normalize-url/v4.5.0, tar/4.4.8, trim-newlines/2.0.0, Underscore.js/1.8.3, y18n/3.2.1'></error></testcase><testcase name='Policy No High Vulns (CRITICAL)'><error message='Policy :No High Vulns- Severity = CRITICAL- Num Components in Violation = 20- Componentlist:- ajv/6.10.2, axios/0.19.0, css-what/2.1.0, dot-prop/4.2.0, ExpressCart/1.1.13, glob-parent/3.1.0, glob-parent/5.1.0, Handlebars.js/4.4.5, ini/1.3.5, kind-of/6.0.2, Lodash/4.17.15, Nodemailer/4.7.0, nth-check/1.0.1, path-parse/1.0.5, path-parse/1.0.6, sindresorhus/normalize-url/v4.5.0, tar/4.4.8, trim-newlines/2.0.0, Underscore.js/1.8.3, y18n/3.2.1'></error></testcase><testcase name='Policy Pixiapp test policy (UNSPECIFIED)'><error message='Policy :Pixiapp test policy- Severity = UNSPECIFIED- Num Components in Violation = 6- Componentlist:- copy-props/2.0.4, Handlebars.js/4.4.5, js-bson/1.1.1, mpath/0.5.1, Nodemailer/4.7.0, set-value/2.0.1'></error></testcase><testcase name='Policy RAPID No Critical Vulns (TRIVIAL)'><error message='Policy :RAPID No Critical Vulns- Severity = TRIVIAL- Num Components in Violation = 6- Componentlist:- copy-props/2.0.4, Handlebars.js/4.4.5, js-bson/1.1.1, mpath/0.5.1, Nodemailer/4.7.0, set-value/2.0.1'></error></testcase><testcase name='Policy no license risk (MAJOR)'><error message='Policy :no license risk- Severity = MAJOR- Num Components in Violation = 1- Componentlist:- standard-error/1.1.0'></error></testcase><system-out>system-out</system-out>
        <system-err>system-err</system-err></testsuite>
    </testsuites>